4000000 0.037073        0
20000000        0.184748        .001875
36000000        0.333902        .003125
52000000        0.484881        .004375
68000000        0.633028        .005625
84000000        0.794314        .007500
100000000       0.925045        .008750
116000000       1.072811        .010625
132000000       1.228732        .012500
148000000       1.373070        .013750
164000000       1.522772        .014375
180000000       1.666831        .015000
196000000       1.820507        .016250
212000000       2.005693        .018750
228000000       2.119726        .021250
244000000       2.268088        .020625
260000000       2.423754        .022500
276000000       2.589102        .023125
292000000       2.789461        .025000
308000000       2.896140        .026250
324000000       3.008101        .027500
340000000       3.223046        .031250