515     0.431189
579     0.569919
643     0.786093
707     1.041899
771     1.601705
835     1.952541
899     2.765284
963     4.627480
1027    6.595337
1091    8.627620
1155    10.171311
1219    11.871843
1283    13.536015
1347    15.826978
1411    18.310838
1475    20.798445
1539    23.684907
1603    26.667066
1667    30.521498
1731    33.940571
1795    37.498200
1859    42.236502
1923    46.340769
1987    51.049622
2051    56.168163
2115    61.372035
2179    67.427398
2243    72.672161
2307    80.960214
2371    87.584842
2435    94.350987
2499    104.372800