515     1.880167
579     2.961696
643     3.806226
707     4.454653
771     6.813780
835     7.688589
899     9.517703
963     15.325164
1027    21.511270
1091    26.628245
1155    32.042661
1219    37.397990
1283    43.324013
1347    51.020957
1411    58.473380
1475    66.781897
1539    75.453710
1603    85.668406
1667    95.999928
1731    107.471559
1795    120.022985
1859    133.868969
1923    147.693995
1987    163.149324
2051    180.023805
2115    196.967249
2179    215.763579
2243    236.097417
2307    257.942505
2371    278.340730
2435    301.142887
2499    330.665577